<?xml version="1.0" encoding="UTF-8"?>
<!-- Generated by org.testng.reporters.JUnitXMLReporter -->
<testsuite ignored="8" hostname="ADITYA" failures="0" tests="5" name="Test" time="38.497" errors="0" timestamp="19 Jun 2024 06:25:06 GMT">
  <testcase classname="com.providence.hms.AdminTest.AboutUsTest" name="verifyUpdateAboutUs" time="7.635"/>
  <testcase classname="com.providence.hms.AdminTest.AppointmentCancelbyDoctorTest" name="verifyAppointmentCancelByDoctor" time="16.856"/>
  <testcase classname="com.providence.hms.AdminTest.DeleteUserTest" name="verifyAdminIsAbleTodeleteUser" time="20.654"/>
  <testcase classname="com.providence.hms.AdminTest.CreateUserAndDeleteUserTest" name="verifyCreateUserAndDeleteUserByAdmin" time="23.759"/>
  <testcase classname="com.providence.hms.AdminTest.MakeUsertoPatientTest" name="makeUserToPatient" time="26.186"/>
  <testcase classname="com.comcast.crm.generic.basetest.BaseClass" name="@BeforeSuite configBS" time="0.0">
    <ignored/>
  </testcase> <!-- @BeforeSuite configBS -->
  <testcase classname="com.comcast.crm.generic.basetest.BaseClass" name="@BeforeSuite configBS" time="0.0">
    <ignored/>
  </testcase> <!-- @BeforeSuite configBS -->
  <testcase classname="com.comcast.crm.generic.basetest.BaseClass" name="@BeforeSuite configBS" time="0.0">
    <ignored/>
  </testcase> <!-- @BeforeSuite configBS -->
  <testcase classname="com.comcast.crm.generic.basetest.BaseClass" name="@BeforeSuite configBS" time="0.0">
    <ignored/>
  </testcase> <!-- @BeforeSuite configBS -->
  <testcase classname="com.comcast.crm.generic.basetest.BaseClass" name="@AfterSuite configAS" time="0.0">
    <ignored/>
  </testcase> <!-- @AfterSuite configAS -->
  <testcase classname="com.comcast.crm.generic.basetest.BaseClass" name="@AfterSuite configAS" time="0.0">
    <ignored/>
  </testcase> <!-- @AfterSuite configAS -->
  <testcase classname="com.comcast.crm.generic.basetest.BaseClass" name="@AfterSuite configAS" time="0.0">
    <ignored/>
  </testcase> <!-- @AfterSuite configAS -->
  <testcase classname="com.comcast.crm.generic.basetest.BaseClass" name="@AfterSuite configAS" time="0.0">
    <ignored/>
  </testcase> <!-- @AfterSuite configAS -->
</testsuite> <!-- Test -->
